<?xml version="1.0" encoding="UTF-8"?>
<testsuite xmlns:xsi="http://www.w3.org/2001/XMLSchema-instance" xsi:noNamespaceSchemaLocation="https://maven.apache.org/surefire/maven-surefire-plugin/xsd/surefire-test-report-3.0.xsd" version="3.0" name="com.springDemo.Users.UsersApplicationTests" time="9.424" tests="12" errors="0" skipped="0" failures="0">
  <properties>
[...]
</properties>
  <testcase name="testSetFirstName" classname="com.springDemo.Users.UsersApplicationTests" time="0.781">
    <system-out><![CDATA[11:59:31.767 [main] INFO org.springframework.test.context.support.AnnotationConfigContextLoaderUtils -- Could not detect default configuration classes for test class [com.springDemo.Users.UsersApplicationTests]: UsersApplicationTests does not declare any static, non-private, non-final, nested classes annotated with @Configuration.
11:59:32.054 [main] INFO org.springframework.boot.test.context.SpringBootTestContextBootstrapper -- Found @SpringBootConfiguration com.springDemo.Users.UsersApplication for test class com.springDemo.Users.UsersApplicationTests

  .   ____          _            __ _ _
 /\\ / ___'_ __ _ _(_)_ __  __ _ \ \ \ \
( ( )\___ | '_ | '_| | '_ \/ _` | \ \ \ \
 \\/  ___)| |_)| | | | | || (_| |  ) ) ) )
  '  |____| .__|_| |_|_| |_\__, | / / / /
 =========|_|==============|___/=/_/_/_/
 :: Spring Boot ::                (v3.1.1)

2023-07-05T11:59:32.888-05:00  INFO 22412 --- [           main] c.s.Users.UsersApplicationTests          : Starting UsersApplicationTests using Java 20.0.1 with PID 22412 (started by ojas.gupta in C:\Users\ojas.gupta\Documents\GitHub\SpringGroupProject\Users)
2023-07-05T11:59:32.890-05:00  INFO 22412 --- [           main] c.s.Users.UsersApplicationTests          : No active profile set, falling back to 1 default profile: "default"
2023-07-05T11:59:35.063-05:00  INFO 22412 --- [           main] .s.d.r.c.RepositoryConfigurationDelegate : Multiple Spring Data modules found, entering strict repository configuration mode
2023-07-05T11:59:35.063-05:00  INFO 22412 --- [           main] .s.d.r.c.RepositoryConfigurationDelegate : Bootstrapping Spring Data JPA repositories in DEFAULT mode.
2023-07-05T11:59:35.313-05:00  INFO 22412 --- [           main] .s.d.r.c.RepositoryConfigurationDelegate : Finished Spring Data repository scanning in 238 ms. Found 1 JPA repository interfaces.
2023-07-05T11:59:35.556-05:00  INFO 22412 --- [           main] .s.d.r.c.RepositoryConfigurationDelegate : Multiple Spring Data modules found, entering strict repository configuration mode
2023-07-05T11:59:35.557-05:00  INFO 22412 --- [           main] .s.d.r.c.RepositoryConfigurationDelegate : Bootstrapping Spring Data JDBC repositories in DEFAULT mode.
2023-07-05T11:59:35.576-05:00  INFO 22412 --- [           main] .RepositoryConfigurationExtensionSupport : Spring Data JDBC - Could not safely identify store assignment for repository candidate interface com.springDemo.Users.UserDAO; If you want this repository to be a JDBC repository, consider annotating your entities with one of these annotations: org.springframework.data.relational.core.mapping.Table.
2023-07-05T11:59:35.576-05:00  INFO 22412 --- [           main] .s.d.r.c.RepositoryConfigurationDelegate : Finished Spring Data repository scanning in 19 ms. Found 0 JDBC repository interfaces.
2023-07-05T11:59:36.066-05:00  INFO 22412 --- [           main] com.zaxxer.hikari.HikariDataSource       : HikariPool-1 - Starting...
2023-07-05T11:59:36.524-05:00  INFO 22412 --- [           main] com.zaxxer.hikari.pool.HikariPool        : HikariPool-1 - Added connection conn0: url=jdbc:h2:mem:testdb user=SA
2023-07-05T11:59:36.526-05:00  INFO 22412 --- [           main] com.zaxxer.hikari.HikariDataSource       : HikariPool-1 - Start completed.
2023-07-05T11:59:36.611-05:00  INFO 22412 --- [           main] o.hibernate.jpa.internal.util.LogHelper  : HHH000204: Processing PersistenceUnitInfo [name: default]
2023-07-05T11:59:36.707-05:00  INFO 22412 --- [           main] org.hibernate.Version                    : HHH000412: Hibernate ORM core version 6.2.5.Final
2023-07-05T11:59:36.710-05:00  INFO 22412 --- [           main] org.hibernate.cfg.Environment            : HHH000406: Using bytecode reflection optimizer
2023-07-05T11:59:36.989-05:00  INFO 22412 --- [           main] o.h.b.i.BytecodeProviderInitiator        : HHH000021: Bytecode provider name : bytebuddy
2023-07-05T11:59:37.214-05:00  INFO 22412 --- [           main] o.s.o.j.p.SpringPersistenceUnitInfo      : No LoadTimeWeaver setup: ignoring JPA class transformer
2023-07-05T11:59:37.644-05:00  INFO 22412 --- [           main] o.h.b.i.BytecodeProviderInitiator        : HHH000021: Bytecode provider name : bytebuddy
2023-07-05T11:59:38.529-05:00  INFO 22412 --- [           main] o.h.e.t.j.p.i.JtaPlatformInitiator       : HHH000490: Using JtaPlatform implementation: [org.hibernate.engine.transaction.jta.platform.internal.NoJtaPlatform]
Hibernate: drop table if exists users cascade 
Hibernate: create table users (age integer not null, id bigint generated by default as identity, email_address varchar(255), first_name varchar(255), gender varchar(255), last_name varchar(255), phone_numbers varchar(255), primary key (id))
2023-07-05T11:59:38.581-05:00  INFO 22412 --- [           main] j.LocalContainerEntityManagerFactoryBean : Initialized JPA EntityManagerFactory for persistence unit 'default'
2023-07-05T11:59:39.105-05:00  WARN 22412 --- [           main] JpaBaseConfiguration$JpaWebConfiguration : spring.jpa.open-in-view is enabled by default. Therefore, database queries may be performed during view rendering. Explicitly configure spring.jpa.open-in-view to disable this warning
2023-07-05T11:59:39.635-05:00  INFO 22412 --- [           main] o.s.b.a.h2.H2ConsoleAutoConfiguration    : H2 console available at '/h2-console'. Database available at 'jdbc:h2:mem:testdb'
2023-07-05T11:59:39.672-05:00  INFO 22412 --- [           main] c.s.Users.UsersApplicationTests          : Started UsersApplicationTests in 7.271 seconds (process running for 9.573)
]]></system-out>
  </testcase>
  <testcase name="testCreateUserClass" classname="com.springDemo.Users.UsersApplicationTests" time="0.106">
    <system-out><![CDATA[Hibernate: insert into users (age,email_address,first_name,gender,last_name,phone_numbers,id) values (?,?,?,?,?,?,default)
]]></system-out>
  </testcase>
  <testcase name="testUpdateUser" classname="com.springDemo.Users.UsersApplicationTests" time="0.068">
    <system-out><![CDATA[Hibernate: insert into users (age,email_address,first_name,gender,last_name,phone_numbers,id) values (?,?,?,?,?,?,default)
Hibernate: select u1_0.id,u1_0.age,u1_0.email_address,u1_0.first_name,u1_0.gender,u1_0.last_name,u1_0.phone_numbers from users u1_0 where u1_0.id=?
Hibernate: select u1_0.id,u1_0.age,u1_0.email_address,u1_0.first_name,u1_0.gender,u1_0.last_name,u1_0.phone_numbers from users u1_0 where u1_0.id=?
Hibernate: select u1_0.id,u1_0.age,u1_0.email_address,u1_0.first_name,u1_0.gender,u1_0.last_name,u1_0.phone_numbers from users u1_0 where u1_0.id=?
Hibernate: update users set age=?,email_address=?,first_name=?,gender=?,last_name=?,phone_numbers=? where id=?
]]></system-out>
  </testcase>
  <testcase name="testListUsers" classname="com.springDemo.Users.UsersApplicationTests" time="0.105">
    <system-out><![CDATA[Hibernate: insert into users (age,email_address,first_name,gender,last_name,phone_numbers,id) values (?,?,?,?,?,?,default)
Hibernate: select u1_0.id,u1_0.age,u1_0.email_address,u1_0.first_name,u1_0.gender,u1_0.last_name,u1_0.phone_numbers from users u1_0
]]></system-out>
  </testcase>
  <testcase name="testGetUser" classname="com.springDemo.Users.UsersApplicationTests" time="0.003">
    <system-out><![CDATA[Hibernate: select u1_0.id,u1_0.age,u1_0.email_address,u1_0.first_name,u1_0.gender,u1_0.last_name,u1_0.phone_numbers from users u1_0 where u1_0.id=?
]]></system-out>
  </testcase>
  <testcase name="testSetPhoneNumbers" classname="com.springDemo.Users.UsersApplicationTests" time="0.004"/>
  <testcase name="testSetLastName" classname="com.springDemo.Users.UsersApplicationTests" time="0.003"/>
  <testcase name="testCreateUser" classname="com.springDemo.Users.UsersApplicationTests" time="0.003"/>
  <testcase name="testSetGender" classname="com.springDemo.Users.UsersApplicationTests" time="0.002"/>
  <testcase name="testDeleteUser" classname="com.springDemo.Users.UsersApplicationTests" time="0.017">
    <system-out><![CDATA[Hibernate: select u1_0.id,u1_0.age,u1_0.email_address,u1_0.first_name,u1_0.gender,u1_0.last_name,u1_0.phone_numbers from users u1_0 where u1_0.id=?
Hibernate: delete from users where id=?
Hibernate: select u1_0.id,u1_0.age,u1_0.email_address,u1_0.first_name,u1_0.gender,u1_0.last_name,u1_0.phone_numbers from users u1_0 where u1_0.id=?
]]></system-out>
  </testcase>
  <testcase name="testSetEmailAddress" classname="com.springDemo.Users.UsersApplicationTests" time="0.003"/>
  <testcase name="testSetAge" classname="com.springDemo.Users.UsersApplicationTests" time="0.003"/>
</testsuite>